19:24:55.987 [main] INFO  Catalog - Same audios 
Artist: 4Lyn Album: Hello Title: Shadow Valley
D:\Music\1.mp3
D:\Music\4Lyn - Shadow Valley.mp3
------------------------------------------------------------------------------------
Artist: No artist is here! Album: No album is here! Title: No title is here!
D:\Music\монеточка - Нимфоманка.mp3
D:\Music\Присцилла - Крыжовник и сирень.mp3
------------------------------------------------------------------------------------
Artist: 3 Doors Down Album: Time Of My Life Title: Round And Round
D:\Music\3 Doors Down - Round And Round.mp3
D:\kk\3 Doors Down - Round And Round.mp3
------------------------------------------------------------------------------------
Artist: 10 Years Album: Division Title: Scream At The Walls
D:\Music\10 Years - Scream At The Walls.mp3
D:\kk\10 Years - Scream At The Walls.mp3
------------------------------------------------------------------------------------
Artist: It's Alive Album: Human Resources Title: Changing Colors
D:\Music\It's Alive - Changing Colors (1).mp3
D:\Music\It's Alive - Changing Colors.mp3
------------------------------------------------------------------------------------
Artist: Lit Album: The View From The Bottom Title: Miss You Gone
D:\Music\Lit - Miss You Gone (1).mp3
D:\Music\Lit - Miss You Gone.mp3
------------------------------------------------------------------------------------
Artist: Plan Three Album: The Signal - Part One Title: The Soldier
D:\Music\Plan Three - The Soldier (1).mp3
D:\Music\Plan Three - The Soldier.mp3
------------------------------------------------------------------------------------
Artist: Static Cycle Album: When We Meet Again Title: Silence
D:\Music\Static Cycle - Silence (1).mp3
D:\Music\Static Cycle - Silence.mp3
------------------------------------------------------------------------------------
Artist: 10 Years Album: Feeding The Wolves Title: One More Day
D:\Music\10 Years - One More Day.mp3
D:\kk\10 Years - One More Day.mp3
------------------------------------------------------------------------------------
Artist: 4Lyn Album: Hello Title: Nostalgia
D:\Music\4Lyn - Nostalgia.mp3
D:\kk\4Lyn - Nostalgia.mp3
------------------------------------------------------------------------------------
Artist: ХVΣБ Album: No album is here! Title: Камерун (минус)
D:\Music\泪のムコウ • B L C K ▲ - 系アニメ「機動戦士 16 (1).mp3
D:\Music\泪のムコウ • B L C K ▲ - 系アニメ「機動戦士 16.mp3
------------------------------------------------------------------------------------

19:24:55.991 [main] INFO  Catalog - Equal hash codes 
Duplicate #1
D:\Music\Matt Simons - Catch & Release.mp3
D:\Music\Seether - Nobody Praying for Me.mp3
Duplicate #2
D:\Music\泪のムコウ • B L C K ▲ - 系アニメ「機動戦士 16 (1).mp3
D:\Music\泪のムコウ • B L C K ▲ - 系アニメ「機動戦士 16.mp3
Duplicate #3
D:\Music\Night Lovell - Deira City Centre (Instrumental).mp3
D:\Music\Papa Roach - Still Swingin'.mp3
Duplicate #4
D:\Music\Twenty One Pilots - Heathens (Covered by RVLS).mp3
D:\Music\twenty one pilots - Pet Cheetah.mp3
Duplicate #5
D:\Music\twenty one pilots - Neon Gravestones.mp3
D:\Music\Veorra - Run.mp3
Duplicate #6
D:\Music\Lorde - Royals.mp3
D:\Music\The Score - Stronger.mp3
Duplicate #7
D:\Music\Hinder - Nothin' Good About Goodbye.mp3
D:\Music\MULTIVERSE - Radiate.mp3
Duplicate #8
D:\Music\MISSIO - Bottom Of The Deep Blue Sea.mp3
D:\Music\Skillet - The Resistance.mp3
Duplicate #9
D:\Music\10 Years - One More Day.mp3
D:\kk\10 Years - One More Day.mp3
Duplicate #10
D:\Music\Sam Tinnesz - Dangerous Game.mp3
D:\Music\The Neighbourhood - Sweater Weather.mp3
Duplicate #11
D:\Music\It's Alive - Changing Colors (1).mp3
D:\Music\It's Alive - Changing Colors.mp3
Duplicate #12
D:\Music\Thirty Seconds To Mars feat. Halsey - Love Is Madness.mp3
D:\Music\Дом Связи - ДзБРДз.mp3
Duplicate #13
D:\Music\Stealing Eden - Never Give Up.mp3
D:\Music\Three Days Grace - Right Left Wrong.mp3
Duplicate #14
D:\Music\MGK - Wild Boy ft. Waka Flocka Flame.mp3
D:\Music\Дом Связи - Математика.mp3
Duplicate #15
D:\Music\The Neighbourhood - No Grey.mp3
D:\Music\Дом Связи - Кто-то на крыше.mp3
Duplicate #16
D:\Music\10 Years - Scream At The Walls.mp3
D:\kk\10 Years - Scream At The Walls.mp3
Duplicate #17
D:\Music\Static Cycle - Silence (1).mp3
D:\Music\Static Cycle - Silence.mp3
Duplicate #18
D:\Music\Hollywood Undead - Bloody Nose.mp3
D:\Music\P!nk - Beautiful Trauma.mp3
Duplicate #19
D:\Music\1.mp3
D:\Music\4Lyn - Shadow Valley.mp3
Duplicate #20
D:\Music\lovelytheband - these are my friends.mp3
D:\Music\Дом Связи - Соцсети.mp3
Duplicate #21
D:\Music\These Wolves - Enough Is Enough.mp3
D:\Music\монеточка - Каждый раз.mp3
Duplicate #22
D:\Music\A Perfect Circle - Passive.mp3
D:\Music\Red - A.I..mp3
Duplicate #23
D:\Music\Plan Three - The Soldier (1).mp3
D:\Music\Plan Three - The Soldier.mp3
Duplicate #24
D:\Music\Blacklisted Me - Reprobate Romance.mp3
D:\Music\The Neighbourhood - Female Robberry.mp3
Duplicate #25
D:\Music\AJR - Weak.mp3
D:\Music\Thirty Seconds To Mars - Hail To The Victor.mp3
Duplicate #26
D:\Music\Asking Alexandria - Alone In A Room.mp3
D:\Music\IAMX feat. Imogen Heap - My Secret Friend.mp3
Duplicate #27
D:\Music\IAMX - Dead In This House.mp3
D:\Music\БИ-2 feat. Oxxxymiron - Пора возвращаться домой.mp3
Duplicate #28
D:\Music\Mike Shinoda, Grandson - Running From My Shadow (feat. grandson).mp3
D:\Music\Simon Steadman & Charlton Pettus - Never Be Alone.mp3
Duplicate #29
D:\Music\Saturate - Compromise.mp3
D:\Music\twenty one pilots - Forest.mp3
Duplicate #30
D:\Music\NEFFEX - Pro.mp3
D:\Music\Tomsize & Creaky Jackals - Fly (NEFFEX Remix).mp3
Duplicate #31
D:\Music\Lit - Miss You Gone (1).mp3
D:\Music\Lit - Miss You Gone.mp3
Duplicate #32
D:\Music\NEFFEX - Soldier🔥.mp3
D:\Music\There For Tomorrow - The Remedy.mp3
Duplicate #33
D:\Music\Imagine Dragons - Bad Liar.mp3
D:\Music\twenty one pilots - Holding On To You.mp3
Duplicate #34
D:\Music\4Lyn - Nostalgia.mp3
D:\kk\4Lyn - Nostalgia.mp3
Duplicate #35
D:\Music\NEFFEX - Greatest.mp3
D:\Music\Three Days Grace - Chasing The First Time.mp3
Duplicate #36
D:\Music\IAMX - Surrender.mp3
D:\Music\Rudy Mancuso - Mama.mp3
Duplicate #37
D:\Music\Oceans Divide - Overcome.mp3
D:\Music\Shinedown - Beyond The Sun.mp3
Duplicate #38
D:\Music\3 Doors Down - Round And Round.mp3
D:\kk\3 Doors Down - Round And Round.mp3
Duplicate #39
D:\Music\Imagine Dragons - Zero.mp3
D:\Music\Mike Shinoda - Watching As I Fall.mp3
Duplicate #40
D:\Music\MISSIO - Animal.mp3
D:\Music\Prismo - Stronger.mp3
Duplicate #41
D:\Music\Hollywood Undead - Gotta Let Go.mp3
D:\Music\Young Guns - Daylight.mp3
Duplicate #42
D:\Music\Oh Wonder - All We Do.mp3
D:\Music\The Qemists - Jungle (feat. Hacktivist).mp3
Duplicate #43
D:\Music\Mumford and Sons - Broken Crown.mp3
D:\Music\Starset - Monster.mp3
Duplicate #44
D:\Music\NF - Intro 2.mp3
D:\Music\Radiohead - High And Dry.mp3
Duplicate #45
D:\Music\MAALA - Touch.mp3
D:\Music\The Seige - Outside.mp3
Duplicate #46
D:\Music\Feder - Breathe.mp3
D:\Music\Three Days Grace - Love Me Or Leave Me.mp3
Duplicate #47
D:\Music\Maruv, Boosin - Drunk Groove.mp3
D:\Music\twenty one pilots - Nico And The Niners.mp3
Duplicate #48
D:\Music\Sent By Ravens - Mean What You Say.mp3
D:\Music\Therr Maitz - 365 (Cismu Remix).mp3
Duplicate #49
D:\Music\twenty one pilots - Guns For Hands.mp3
D:\Music\Woodkid feat. Lykke Li - Never Let You Down.mp3
Duplicate #50
D:\Music\Les Friction - World On Fire(ost Темный Мир 2013).mp3
D:\Music\Sir Sly - Gold.mp3
Duplicate #51
D:\Music\Generdyn ft Zayde Wolf - Heroes.mp3
D:\Music\Hiroyuki Sawano - Vogel im Kafig (Shingeki no Kyojin OST).mp3
Duplicate #52
D:\Music\Barberry Records - Paris (Tribute to The Chainsmokers).mp3
D:\Music\Dark Signal - Build You Back.mp3
Duplicate #53
D:\Music\MULTIVERSE - One Shot.mp3
D:\Music\The Chainsmokers - Everybody Hates Me.mp3
Duplicate #54
D:\Music\Kodaline - Hell Froze Over (nelaskoviy_pub).mp3
D:\Music\Ólafur Arnalds feat. Arnór Dan - So Far.mp3

